[debug] [2022-04-21T00:55:55.731Z] ----------------------------------------------------------------------
[debug] [2022-04-21T00:55:55.732Z] Command:       /opt/homebrew/Cellar/node/17.8.0/bin/node /opt/homebrew/bin/firebase deploy
[debug] [2022-04-21T00:55:55.732Z] CLI Version:   10.5.0
[debug] [2022-04-21T00:55:55.732Z] Platform:      darwin
[debug] [2022-04-21T00:55:55.732Z] Node Version:  v17.8.0
[debug] [2022-04-21T00:55:55.735Z] Time:          Thu Apr 21 2022 08:55:55 GMT+0800 (Philippine Standard Time)
[debug] [2022-04-21T00:55:55.735Z] ----------------------------------------------------------------------
[debug] 
[debug] [2022-04-21T00:55:55.736Z] >>> [apiv2][query] GET https://firebase-public.firebaseio.com/cli.json [none]
[debug] [2022-04-21T00:55:55.776Z] > command requires scopes: ["email","openid","https://www.googleapis.com/auth/cloudplatformprojects.readonly","https://www.googleapis.com/auth/firebase","https://www.googleapis.com/auth/cloud-platform"]
[debug] [2022-04-21T00:55:55.776Z] > authorizing via signed-in user (michaela.salamero@gmail.com)
[debug] [2022-04-21T00:55:55.776Z] [iam] checking project px-frontend-dev for permissions ["firebase.projects.get","firebasehosting.sites.update"]
[debug] [2022-04-21T00:55:55.777Z] > refreshing access token with scopes: []
[debug] [2022-04-21T00:55:55.777Z] >>> HTTP REQUEST POST https://www.googleapis.com/oauth2/v3/token  
 <request body omitted>
[debug] [2022-04-21T00:55:56.211Z] <<< HTTP RESPONSE 200 {"expires":"Mon, 01 Jan 1990 00:00:00 GMT","pragma":"no-cache","cache-control":"no-cache, no-store, max-age=0, must-revalidate","date":"Thu, 21 Apr 2022 00:55:56 GMT","content-type":"application/json; charset=utf-8","vary":"X-Origin, Referer, Origin,Accept-Encoding","server":"scaffolding on HTTPServer2","x-xss-protection":"0","x-frame-options":"SAMEORIGIN","x-content-type-options":"nosniff","alt-svc":"h3=\":443\"; ma=2592000,h3-29=\":443\"; ma=2592000,h3-Q050=\":443\"; ma=2592000,h3-Q046=\":443\"; ma=2592000,h3-Q043=\":443\"; ma=2592000,quic=\":443\"; ma=2592000; v=\"46,43\"","accept-ranges":"none","transfer-encoding":"chunked"}
[debug] [2022-04-21T00:55:56.254Z] >>> [apiv2][query] POST https://cloudresourcemanager.googleapis.com/v1/projects/px-frontend-dev:testIamPermissions [none]
[debug] [2022-04-21T00:55:56.254Z] >>> [apiv2][body] POST https://cloudresourcemanager.googleapis.com/v1/projects/px-frontend-dev:testIamPermissions {"permissions":["firebase.projects.get","firebasehosting.sites.update"]}
[debug] [2022-04-21T00:55:56.510Z] <<< [apiv2][status] GET https://firebase-public.firebaseio.com/cli.json 200
[debug] [2022-04-21T00:55:56.511Z] <<< [apiv2][body] GET https://firebase-public.firebaseio.com/cli.json {"cloudBuildErrorAfter":1594252800000,"cloudBuildWarnAfter":1590019200000,"defaultNode10After":1594252800000,"minVersion":"3.0.5","node8DeploysDisabledAfter":1613390400000,"node8RuntimeDisabledAfter":1615809600000,"node8WarnAfter":1600128000000}
[debug] [2022-04-21T00:55:57.682Z] <<< [apiv2][status] POST https://cloudresourcemanager.googleapis.com/v1/projects/px-frontend-dev:testIamPermissions 200
[debug] [2022-04-21T00:55:57.682Z] <<< [apiv2][body] POST https://cloudresourcemanager.googleapis.com/v1/projects/px-frontend-dev:testIamPermissions {}
[debug] [2022-04-21T00:55:57.682Z] [iam] error while checking permissions, command may fail: FirebaseError: Authorization failed. This account is missing the following required permissions on project px-frontend-dev:

  firebase.projects.get
  firebasehosting.sites.update
[debug] [2022-04-21T00:55:57.684Z] >>> [apiv2][query] GET https://firebase.googleapis.com/v1beta1/projects/px-frontend-dev [none]
[debug] [2022-04-21T00:55:58.337Z] <<< [apiv2][status] GET https://firebase.googleapis.com/v1beta1/projects/px-frontend-dev 403
[debug] [2022-04-21T00:55:58.338Z] <<< [apiv2][body] GET https://firebase.googleapis.com/v1beta1/projects/px-frontend-dev {"error":{"code":403,"message":"The caller does not have permission","status":"PERMISSION_DENIED"}}
[debug] [2022-04-21T00:55:58.339Z] HTTP Error: 403, The caller does not have permission
[debug] [2022-04-21T00:55:58.775Z] FirebaseError: HTTP Error: 403, The caller does not have permission
    at module.exports (/opt/homebrew/Cellar/firebase-cli/10.5.0/libexec/lib/node_modules/firebase-tools/lib/responseToError.js:47:12)
    at RetryOperation._fn (/opt/homebrew/Cellar/firebase-cli/10.5.0/libexec/lib/node_modules/firebase-tools/lib/apiv2.js:286:39)
    at processTicksAndRejections (node:internal/process/task_queues:96:5)
[error] 
[error] Error: Failed to get Firebase project px-frontend-dev. Please make sure the project exists and your account has permission to access it.
[debug] [2022-04-21T01:02:34.045Z] ----------------------------------------------------------------------
[debug] [2022-04-21T01:02:34.046Z] Command:       /opt/homebrew/Cellar/node/17.8.0/bin/node /opt/homebrew/bin/firebase deploy
[debug] [2022-04-21T01:02:34.046Z] CLI Version:   10.5.0
[debug] [2022-04-21T01:02:34.047Z] Platform:      darwin
[debug] [2022-04-21T01:02:34.047Z] Node Version:  v17.8.0
[debug] [2022-04-21T01:02:34.049Z] Time:          Thu Apr 21 2022 09:02:34 GMT+0800 (Philippine Standard Time)
[debug] [2022-04-21T01:02:34.049Z] ----------------------------------------------------------------------
[debug] 
[debug] [2022-04-21T01:02:34.077Z] > command requires scopes: ["email","openid","https://www.googleapis.com/auth/cloudplatformprojects.readonly","https://www.googleapis.com/auth/firebase","https://www.googleapis.com/auth/cloud-platform"]
[debug] [2022-04-21T01:02:34.077Z] > authorizing via signed-in user (michaela.salamero@gmail.com)
[debug] [2022-04-21T01:02:34.077Z] [iam] checking project px-frontend-dev for permissions ["firebase.projects.get","firebasehosting.sites.update"]
[debug] [2022-04-21T01:02:34.078Z] >>> [apiv2][query] POST https://cloudresourcemanager.googleapis.com/v1/projects/px-frontend-dev:testIamPermissions [none]
[debug] [2022-04-21T01:02:34.079Z] >>> [apiv2][body] POST https://cloudresourcemanager.googleapis.com/v1/projects/px-frontend-dev:testIamPermissions {"permissions":["firebase.projects.get","firebasehosting.sites.update"]}
[debug] [2022-04-21T01:02:35.498Z] <<< [apiv2][status] POST https://cloudresourcemanager.googleapis.com/v1/projects/px-frontend-dev:testIamPermissions 200
[debug] [2022-04-21T01:02:35.499Z] <<< [apiv2][body] POST https://cloudresourcemanager.googleapis.com/v1/projects/px-frontend-dev:testIamPermissions {}
[debug] [2022-04-21T01:02:35.499Z] [iam] error while checking permissions, command may fail: FirebaseError: Authorization failed. This account is missing the following required permissions on project px-frontend-dev:

  firebase.projects.get
  firebasehosting.sites.update
[debug] [2022-04-21T01:02:35.501Z] >>> [apiv2][query] GET https://firebase.googleapis.com/v1beta1/projects/px-frontend-dev [none]
[debug] [2022-04-21T01:02:36.135Z] <<< [apiv2][status] GET https://firebase.googleapis.com/v1beta1/projects/px-frontend-dev 403
[debug] [2022-04-21T01:02:36.136Z] <<< [apiv2][body] GET https://firebase.googleapis.com/v1beta1/projects/px-frontend-dev {"error":{"code":403,"message":"The caller does not have permission","status":"PERMISSION_DENIED"}}
[debug] [2022-04-21T01:02:36.137Z] HTTP Error: 403, The caller does not have permission
[debug] [2022-04-21T01:02:36.662Z] FirebaseError: HTTP Error: 403, The caller does not have permission
    at module.exports (/opt/homebrew/Cellar/firebase-cli/10.5.0/libexec/lib/node_modules/firebase-tools/lib/responseToError.js:47:12)
    at RetryOperation._fn (/opt/homebrew/Cellar/firebase-cli/10.5.0/libexec/lib/node_modules/firebase-tools/lib/apiv2.js:286:39)
    at processTicksAndRejections (node:internal/process/task_queues:96:5)
[error] 
[error] Error: Failed to get Firebase project px-frontend-dev. Please make sure the project exists and your account has permission to access it.
